VirtualBox COM Server 4.3.28 r100309 win.amd64 (May 13 2015 16:10:12) release log
00:00:00.001998 main     Log opened 2015-06-11T16:38:02.409850400Z
00:00:00.001998 main     Build Type: release
00:00:00.001998 main     OS Product: Windows 8.1
00:00:00.001998 main     OS Release: 6.3.9600
00:00:00.001998 main     OS Service Pack: 
00:00:00.056002 main     DMI Product Name: Aspire TC-105
00:00:00.063004 main     DMI Product Version:         
00:00:00.063004 main     Host RAM: 7371MB total, 4645MB available
00:00:00.063004 main     Executable: C:\Program Files\Oracle\VirtualBox\VBoxSVC.exe
00:00:00.063004 main     Process ID: 4084
00:00:00.063004 main     Package type: WINDOWS_64BITS_GENERIC
00:00:00.065001          Home directory: 'C:\Users\testing\Documents\GitHub\AutOptimizer\ProgFiles\portablevirtualbox\data\.VirtualBox'
00:00:00.065001          Loading settings file "C:\Users\testing\Documents\GitHub\AutOptimizer\ProgFiles\portablevirtualbox\data\.VirtualBox\VirtualBox.xml" with version "1.12-windows"
00:00:00.079005          usbLibDevStrDrEntryGet: DeviceIoControl 1 fail winEr (31)
00:00:00.672631          HostDnsMonitor: old information
00:00:00.672631            no server entries
00:00:00.672631            no search string entries
00:00:00.672631            no domain set
00:00:00.672631          HostDnsMonitor: new information
00:00:00.672631            server 1: 75.75.75.75
00:00:00.672631            server 2: 75.75.76.76
00:00:00.672631            no search string entries
00:00:00.672631            no domain set
00:00:00.672631          HostDnsMonitorProxy::notify
00:00:00.738647          VDInit finished
00:00:07.368984 Watcher  ERROR [COM]: aRC=E_ACCESSDENIED (0x80070005) aIID={fafa4e17-1ee2-4905-a10e-fe7c18bf5554} aComponent={VirtualBox} aText={The object is not ready}, preserve=false
